# JRE version: OpenJDK Runtime Environment (11.0.15) (build 11.0.15+0-b2043.56-8887301)
# Java VM: OpenJDK 64-Bit Server VM (11.0.15+0-b2043.56-8887301, mixed mode, tiered, compressed oops, g1 gc, bsd-aarch64)
Heap:
 garbage-first heap   total 262144K, used 207467K [0x0000000740000000, 0x00000007c0000000)
  region size 1024K, 10 young (10240K), 2 survivors (2048K)
 Metaspace       used 114907K, capacity 117797K, committed 119040K, reserved 1153024K
  class space    used 15006K, capacity 16088K, committed 16384K, reserved 1048576K
GC Heap History (20 events):
Event: 7.253 GC heap after
{Heap after GC invocations=27 (full 0):
 garbage-first heap   total 262144K, used 184431K [0x0000000740000000, 0x00000007c0000000)
  region size 1024K, 6 young (6144K), 6 survivors (6144K)
 Metaspace       used 101626K, capacity 104587K, committed 104832K, reserved 1140736K
  class space    used 13350K, capacity 14405K, committed 14464K, reserved 1048576K
}
Event: 7.368 GC heap before
{Heap before GC invocations=27 (full 0):
 garbage-first heap   total 262144K, used 224367K [0x0000000740000000, 0x00000007c0000000)
  region size 1024K, 45 young (46080K), 6 survivors (6144K)
 Metaspace       used 103931K, capacity 106803K, committed 106880K, reserved 1140736K
  class space    used 13668K, capacity 14694K, committed 14720K, reserved 1048576K
}
Event: 7.372 GC heap after
{Heap after GC invocations=28 (full 0):
 garbage-first heap   total 262144K, used 185502K [0x0000000740000000, 0x00000007c0000000)
  region size 1024K, 4 young (4096K), 4 survivors (4096K)
 Metaspace       used 103931K, capacity 106803K, committed 106880K, reserved 1140736K
  class space    used 13668K, capacity 14694K, committed 14720K, reserved 1048576K
}
Event: 7.537 GC heap before
{Heap before GC invocations=29 (full 0):
 garbage-first heap   total 262144K, used 225438K [0x0000000740000000, 0x00000007c0000000)
  region size 1024K, 43 young (44032K), 4 survivors (4096K)
 Metaspace       used 106553K, capacity 109424K, committed 109824K, reserved 1144832K
  class space    used 13957K, capacity 14990K, committed 15104K, reserved 1048576K
}
Event: 7.539 GC heap after
{Heap after GC invocations=30 (full 0):
 garbage-first heap   total 262144K, used 187392K [0x0000000740000000, 0x00000007c0000000)
  region size 1024K, 3 young (3072K), 3 survivors (3072K)
 Metaspace       used 106553K, capacity 109424K, committed 109824K, reserved 1144832K
  class space    used 13957K, capacity 14990K, committed 15104K, reserved 1048576K
}
Event: 7.665 GC heap before
{Heap before GC invocations=30 (full 0):
 garbage-first heap   total 262144K, used 227328K [0x0000000740000000, 0x00000007c0000000)
  region size 1024K, 42 young (43008K), 3 survivors (3072K)
 Metaspace       used 108094K, capacity 111009K, committed 111232K, reserved 1144832K
  class space    used 14142K, capacity 15172K, committed 15232K, reserved 1048576K
}
Event: 7.668 GC heap after
{Heap after GC invocations=31 (full 0):
 garbage-first heap   total 262144K, used 189886K [0x0000000740000000, 0x00000007c0000000)
  region size 1024K, 6 young (6144K), 6 survivors (6144K)
 Metaspace       used 108094K, capacity 111009K, committed 111232K, reserved 1144832K
  class space    used 14142K, capacity 15172K, committed 15232K, reserved 1048576K
}
Event: 7.816 GC heap before
{Heap before GC invocations=32 (full 0):
 garbage-first heap   total 262144K, used 227774K [0x0000000740000000, 0x00000007c0000000)
  region size 1024K, 43 young (44032K), 6 survivors (6144K)
 Metaspace       used 110024K, capacity 112911K, committed 113152K, reserved 1146880K
  class space    used 14439K, capacity 15516K, committed 15616K, reserved 1048576K
}
Event: 7.820 GC heap after
{Heap after GC invocations=33 (full 0):
 garbage-first heap   total 262144K, used 191907K [0x0000000740000000, 0x00000007c0000000)
  region size 1024K, 5 young (5120K), 5 survivors (5120K)
 Metaspace       used 110024K, capacity 112911K, committed 113152K, reserved 1146880K
  class space    used 14439K, capacity 15516K, committed 15616K, reserved 1048576K
}
Event: 7.957 GC heap before
{Heap before GC invocations=33 (full 0):
 garbage-first heap   total 262144K, used 227747K [0x0000000740000000, 0x00000007c0000000)
  region size 1024K, 41 young (41984K), 5 survivors (5120K)
 Metaspace       used 111894K, capacity 114917K, committed 115200K, reserved 1148928K
  class space    used 14691K, capacity 15771K, committed 15872K, reserved 1048576K
}
Event: 7.961 GC heap after
{Heap after GC invocations=34 (full 0):
 garbage-first heap   total 262144K, used 195826K [0x0000000740000000, 0x00000007c0000000)
  region size 1024K, 6 young (6144K), 6 survivors (6144K)
 Metaspace       used 111894K, capacity 114917K, committed 115200K, reserved 1148928K
  class space    used 14691K, capacity 15771K, committed 15872K, reserved 1048576K
}
Event: 8.008 GC heap before
{Heap before GC invocations=34 (full 0):
 garbage-first heap   total 262144K, used 228594K [0x0000000740000000, 0x00000007c0000000)
  region size 1024K, 38 young (38912K), 6 survivors (6144K)
 Metaspace       used 112657K, capacity 115653K, committed 115712K, reserved 1148928K
  class space    used 14793K, capacity 15867K, committed 15872K, reserved 1048576K
}
Event: 8.012 GC heap after
{Heap after GC invocations=35 (full 0):
 garbage-first heap   total 262144K, used 196264K [0x0000000740000000, 0x00000007c0000000)
  region size 1024K, 1 young (1024K), 1 survivors (1024K)
 Metaspace       used 112657K, capacity 115653K, committed 115712K, reserved 1148928K
  class space    used 14793K, capacity 15867K, committed 15872K, reserved 1048576K
}
Event: 659.708 GC heap before
{Heap before GC invocations=36 (full 0):
 garbage-first heap   total 262144K, used 229032K [0x0000000740000000, 0x00000007c0000000)
  region size 1024K, 33 young (33792K), 1 survivors (1024K)
 Metaspace       used 113918K, capacity 117096K, committed 117248K, reserved 1150976K
  class space    used 14942K, capacity 16102K, committed 16128K, reserved 1048576K
}
Event: 659.737 GC heap after
{Heap after GC invocations=37 (full 0):
 garbage-first heap   total 262144K, used 196518K [0x0000000740000000, 0x00000007c0000000)
  region size 1024K, 2 young (2048K), 2 survivors (2048K)
 Metaspace       used 113918K, capacity 117096K, committed 117248K, reserved 1150976K
  class space    used 14942K, capacity 16102K, committed 16128K, reserved 1048576K
}
Event: 2326.193 GC heap before
{Heap before GC invocations=37 (full 0):
 garbage-first heap   total 262144K, used 229286K [0x0000000740000000, 0x00000007c0000000)
  region size 1024K, 34 young (34816K), 2 survivors (2048K)
 Metaspace       used 114216K, capacity 117476K, committed 117632K, reserved 1150976K
  class space    used 14968K, capacity 16157K, committed 16256K, reserved 1048576K
}
Event: 2326.204 GC heap after
{Heap after GC invocations=38 (full 0):
 garbage-first heap   total 262144K, used 196884K [0x0000000740000000, 0x00000007c0000000)
  region size 1024K, 2 young (2048K), 2 survivors (2048K)
 Metaspace       used 114216K, capacity 117476K, committed 117632K, reserved 1150976K
  class space    used 14968K, capacity 16157K, committed 16256K, reserved 1048576K
}
Event: 2326.515 GC heap before
{Heap before GC invocations=39 (full 0):
 garbage-first heap   total 262144K, used 228628K [0x0000000740000000, 0x00000007c0000000)
  region size 1024K, 34 young (34816K), 2 survivors (2048K)
 Metaspace       used 114625K, capacity 117507K, committed 118784K, reserved 1150976K
  class space    used 14954K, capacity 15990K, committed 16384K, reserved 1048576K
}
Event: 2326.524 GC heap after
{Heap after GC invocations=40 (full 0):
 garbage-first heap   total 262144K, used 199275K [0x0000000740000000, 0x00000007c0000000)
  region size 1024K, 4 young (4096K), 4 survivors (4096K)
 Metaspace       used 114625K, capacity 117507K, committed 118784K, reserved 1150976K
  class space    used 14954K, capacity 15990K, committed 16384K, reserved 1048576K
}
Event: 2326.577 GC heap before
{Heap before GC invocations=40 (full 0):
 garbage-first heap   total 262144K, used 207467K [0x0000000740000000, 0x00000007c0000000)
  region size 1024K, 12 young (12288K), 4 survivors (4096K)
 Metaspace       used 114907K, capacity 117797K, committed 119040K, reserved 1153024K
  class space    used 15006K, capacity 16088K, committed 16384K, reserved 1048576K
}

